# JRE version: Java(TM) SE Runtime Environment (17.0.14+8) (build 17.0.14+8-LTS-191)
# Java VM: Java HotSpot(TM) 64-Bit Server VM (17.0.14+8-LTS-191, mixed mode, sharing, tiered, compressed oops, compressed class ptrs, g1 gc, windows-amd64)
GC Precious Log:
 CPUs: 20 total, 20 available
 Memory: 16176M
 Large Page Support: Disabled
 NUMA Support: Disabled
 Compressed Oops: Enabled (Zero based)
 Heap Region Size: 2M
 Heap Min Capacity: 8M
 Heap Initial Capacity: 254M
 Heap Max Capacity: 4046M
 Pre-touch: Disabled
 Parallel Workers: 15
 Concurrent Workers: 4
 Concurrent Refinement Workers: 15
 Periodic GC: Disabled
Heap:
 garbage-first heap   total 505856K, used 369524K [0x0000000703200000, 0x0000000800000000)
  region size 2048K, 6 young (12288K), 6 survivors (12288K)
 Metaspace       used 92917K, committed 94592K, reserved 1179648K
  class space    used 13815K, committed 14592K, reserved 1048576K
GC Heap History (20 events):
Event: 17.479 GC heap after
{Heap after GC invocations=28 (full 0):
 garbage-first heap   total 417792K, used 193408K [0x0000000703200000, 0x0000000800000000)
  region size 2048K, 1 young (2048K), 1 survivors (2048K)
 Metaspace       used 80031K, committed 81600K, reserved 1179648K
  class space    used 11771K, committed 12480K, reserved 1048576K
}
Event: 18.423 GC heap before
{Heap before GC invocations=28 (full 0):
 garbage-first heap   total 417792K, used 340864K [0x0000000703200000, 0x0000000800000000)
  region size 2048K, 73 young (149504K), 1 survivors (2048K)
 Metaspace       used 84537K, committed 86016K, reserved 1179648K
  class space    used 12655K, committed 13312K, reserved 1048576K
}
Event: 18.427 GC heap after
{Heap after GC invocations=29 (full 0):
 garbage-first heap   total 417792K, used 200311K [0x0000000703200000, 0x0000000800000000)
  region size 2048K, 5 young (10240K), 5 survivors (10240K)
 Metaspace       used 84537K, committed 86016K, reserved 1179648K
  class space    used 12655K, committed 13312K, reserved 1048576K
}
Event: 18.568 GC heap before
{Heap before GC invocations=30 (full 0):
 garbage-first heap   total 505856K, used 339575K [0x0000000703200000, 0x0000000800000000)
  region size 2048K, 74 young (151552K), 5 survivors (10240K)
 Metaspace       used 84780K, committed 86272K, reserved 1179648K
  class space    used 12726K, committed 13376K, reserved 1048576K
}
Event: 18.575 GC heap after
{Heap after GC invocations=31 (full 0):
 garbage-first heap   total 505856K, used 207729K [0x0000000703200000, 0x0000000800000000)
  region size 2048K, 8 young (16384K), 8 survivors (16384K)
 Metaspace       used 84780K, committed 86272K, reserved 1179648K
  class space    used 12726K, committed 13376K, reserved 1048576K
}
Event: 18.581 GC heap before
{Heap before GC invocations=31 (full 0):
 garbage-first heap   total 505856K, used 213873K [0x0000000703200000, 0x0000000800000000)
  region size 2048K, 12 young (24576K), 8 survivors (16384K)
 Metaspace       used 84780K, committed 86272K, reserved 1179648K
  class space    used 12726K, committed 13376K, reserved 1048576K
}
Event: 18.585 GC heap after
{Heap after GC invocations=32 (full 0):
 garbage-first heap   total 505856K, used 208746K [0x0000000703200000, 0x0000000800000000)
  region size 2048K, 2 young (4096K), 2 survivors (4096K)
 Metaspace       used 84780K, committed 86272K, reserved 1179648K
  class space    used 12726K, committed 13376K, reserved 1048576K
}
Event: 19.467 GC heap before
{Heap before GC invocations=32 (full 0):
 garbage-first heap   total 505856K, used 411498K [0x0000000703200000, 0x0000000800000000)
  region size 2048K, 101 young (206848K), 2 survivors (4096K)
 Metaspace       used 86520K, committed 88064K, reserved 1179648K
  class space    used 12970K, committed 13632K, reserved 1048576K
}
Event: 19.473 GC heap after
{Heap after GC invocations=33 (full 0):
 garbage-first heap   total 505856K, used 216981K [0x0000000703200000, 0x0000000800000000)
  region size 2048K, 6 young (12288K), 6 survivors (12288K)
 Metaspace       used 86520K, committed 88064K, reserved 1179648K
  class space    used 12970K, committed 13632K, reserved 1048576K
}
Event: 20.410 GC heap before
{Heap before GC invocations=33 (full 0):
 garbage-first heap   total 505856K, used 415637K [0x0000000703200000, 0x0000000800000000)
  region size 2048K, 103 young (210944K), 6 survivors (12288K)
 Metaspace       used 90269K, committed 91904K, reserved 1179648K
  class space    used 13480K, committed 14208K, reserved 1048576K
}
Event: 20.426 GC heap after
{Heap after GC invocations=34 (full 0):
 garbage-first heap   total 505856K, used 234592K [0x0000000703200000, 0x0000000800000000)
  region size 2048K, 13 young (26624K), 13 survivors (26624K)
 Metaspace       used 90269K, committed 91904K, reserved 1179648K
  class space    used 13480K, committed 14208K, reserved 1048576K
}
Event: 21.527 GC heap before
{Heap before GC invocations=34 (full 0):
 garbage-first heap   total 505856K, used 412768K [0x0000000703200000, 0x0000000800000000)
  region size 2048K, 100 young (204800K), 13 survivors (26624K)
 Metaspace       used 91586K, committed 93312K, reserved 1179648K
  class space    used 13636K, committed 14400K, reserved 1048576K
}
Event: 21.538 GC heap after
{Heap after GC invocations=35 (full 0):
 garbage-first heap   total 505856K, used 242955K [0x0000000703200000, 0x0000000800000000)
  region size 2048K, 7 young (14336K), 7 survivors (14336K)
 Metaspace       used 91586K, committed 93312K, reserved 1179648K
  class space    used 13636K, committed 14400K, reserved 1048576K
}
Event: 22.134 GC heap before
{Heap before GC invocations=35 (full 0):
 garbage-first heap   total 505856K, used 410891K [0x0000000703200000, 0x0000000800000000)
  region size 2048K, 89 young (182272K), 7 survivors (14336K)
 Metaspace       used 91891K, committed 93632K, reserved 1179648K
  class space    used 13668K, committed 14464K, reserved 1048576K
}
Event: 22.138 GC heap after
{Heap after GC invocations=36 (full 0):
 garbage-first heap   total 505856K, used 245170K [0x0000000703200000, 0x0000000800000000)
  region size 2048K, 8 young (16384K), 8 survivors (16384K)
 Metaspace       used 91891K, committed 93632K, reserved 1179648K
  class space    used 13668K, committed 14464K, reserved 1048576K
}
Event: 22.891 GC heap before
{Heap before GC invocations=36 (full 0):
 garbage-first heap   total 505856K, used 417202K [0x0000000703200000, 0x0000000800000000)
  region size 2048K, 92 young (188416K), 8 survivors (16384K)
 Metaspace       used 92915K, committed 94592K, reserved 1179648K
  class space    used 13814K, committed 14592K, reserved 1048576K
}
Event: 22.902 GC heap after
{Heap after GC invocations=37 (full 0):
 garbage-first heap   total 505856K, used 267077K [0x0000000703200000, 0x0000000800000000)
  region size 2048K, 12 young (24576K), 12 survivors (24576K)
 Metaspace       used 92915K, committed 94592K, reserved 1179648K
  class space    used 13814K, committed 14592K, reserved 1048576K
}
Event: 23.089 GC heap before
{Heap before GC invocations=37 (full 0):
 garbage-first heap   total 505856K, used 408389K [0x0000000703200000, 0x0000000800000000)
  region size 2048K, 81 young (165888K), 12 survivors (24576K)
 Metaspace       used 92917K, committed 94592K, reserved 1179648K
  class space    used 13815K, committed 14592K, reserved 1048576K
}
Event: 23.121 GC heap after
{Heap after GC invocations=38 (full 0):
 garbage-first heap   total 505856K, used 333217K [0x0000000703200000, 0x0000000800000000)
  region size 2048K, 11 young (22528K), 11 survivors (22528K)
 Metaspace       used 92917K, committed 94592K, reserved 1179648K
  class space    used 13815K, committed 14592K, reserved 1048576K
}
Event: 23.204 GC heap before
{Heap before GC invocations=38 (full 0):
 garbage-first heap   total 505856K, used 398753K [0x0000000703200000, 0x0000000800000000)
  region size 2048K, 43 young (88064K), 11 survivors (22528K)
 Metaspace       used 92917K, committed 94592K, reserved 1179648K
  class space    used 13815K, committed 14592K, reserved 1048576K
}

